
SQL*Loader: Release 19.0.0.0.0 - Production on Thu Mar 7 10:51:41 2024
Version 19.21.0.0.0

Copyright (c) 1982, 2023, Oracle and/or its affiliates.  All rights reserved.

Control File:   E:/gitProject/csv_to_db/laravelApp/storage/app/ctl/ctl_cim_suits_cost.ctl
Data File:      E:/gitProject/csv_to_db/laravelApp/storage/app/csvData/SUIT.COST.20240307.csv
  Bad File:     E:/gitProject/csv_to_db/laravelApp/storage/app/badFile/bad_SUIT.COST.20240307.csv
  Discard File:  none specified
 
 (Allow all discards)

Number to load: ALL
Number to skip: 0
Errors allowed: 50
Bind array:     250 rows, maximum of 1048576 bytes
Continuation:    none specified
Path used:      Conventional

Table CIM_SUITS_COST, loaded from every logical record.
Insert option in effect for this table: APPEND
TRAILING NULLCOLS option in effect

   Column Name                  Position   Len  Term Encl Datatype
------------------------------ ---------- ----- ---- ---- ---------------------
REC_ID                              FIRST     *   |       CHARACTER            
    Enclosure string : ' " '
SUIT_NO                              NEXT     *   |       CHARACTER            
    Enclosure string : ' " '
BR_CODE                              NEXT     *   |       CHARACTER            
    Enclosure string : ' " '
EXPENSE_AMOUNT                       NEXT     *   |       CHARACTER            
    Enclosure string : ' " '
EXPENSE_TYPE_CODE                    NEXT     *   |       CHARACTER            
    Enclosure string : ' " '
REMARK_IF_OTHER                      NEXT     *   |       CHARACTER            
    Enclosure string : ' " '
AS_ON                                NEXT     *   |       CHARACTER            
    Enclosure string : ' " '
    SQL string for column : "20240307"


Table CIM_SUITS_COST:
  4039 Rows successfully loaded.
  0 Rows not loaded due to data errors.
  0 Rows not loaded because all WHEN clauses were failed.
  0 Rows not loaded because all fields were null.


Space allocated for bind array:                 451500 bytes(250 rows)
Read   buffer bytes: 1048576

Total logical records skipped:          0
Total logical records read:          4039
Total logical records rejected:         0
Total logical records discarded:        0

Run began on Thu Mar 07 10:51:41 2024
Run ended on Thu Mar 07 10:51:42 2024

Elapsed time was:     00:00:00.28
CPU time was:         00:00:00.13
